生成启动时间为 2020/12/13 15:29:26。
     1>项目“D:\wangmei1103\软件\DS\数据结构\20_12_07\20_12_07\20_12_07.vcxproj”在节点 2 上(build 个目标)。
     1>InitializeBuildStatus:
         正在对“Debug\20_12_07.unsuccessfulbuild”执行 Touch 任务。
       ClCompile:
         D:\software\VS\VC\bin\CL.exe /c /ZI /nologo /W3 /WX- /Od /Oy- /D _MBCS /Gm /EHsc /RTC1 /MDd /GS /fp:precise /Zc:wchar_t /Zc:forScope /Fo"Debug\\" /Fd"Debug\vc100.pdb" /Gd /TC /analyze- /errorReport:prompt list.c
         list.c
     1>d:\wangmei1103\软件\ds\数据结构\20_12_07\20_12_07\list.c(149): error C2059: 语法错误:“}”
     1>d:\wangmei1103\软件\ds\数据结构\20_12_07\20_12_07\list.c(163): error C2143: 语法错误 : 缺少“;”(在“类型”的前面)
     1>d:\wangmei1103\软件\ds\数据结构\20_12_07\20_12_07\list.c(164): error C2275: “SListNode”: 将此类型用作表达式非法
                 d:\wangmei1103\软件\ds\数据结构\20_12_07\20_12_07\list.c(10) : 参见“SListNode”的声明
     1>d:\wangmei1103\软件\ds\数据结构\20_12_07\20_12_07\list.c(164): error C2065: “newNode”: 未声明的标识符
     1>d:\wangmei1103\软件\ds\数据结构\20_12_07\20_12_07\list.c(164): warning C4013: “BySListNode”未定义；假设外部返回 int
     1>d:\wangmei1103\软件\ds\数据结构\20_12_07\20_12_07\list.c(165): error C2065: “newNode”: 未声明的标识符
     1>d:\wangmei1103\软件\ds\数据结构\20_12_07\20_12_07\list.c(165): warning C4047: “=”:“ListNode *”与“int”的间接级别不同
     1>d:\wangmei1103\软件\ds\数据结构\20_12_07\20_12_07\list.c(166): error C2065: “newNode”: 未声明的标识符
     1>d:\wangmei1103\软件\ds\数据结构\20_12_07\20_12_07\list.c(166): error C2223: “->next”的左侧必须指向结构/联合
     1>d:\wangmei1103\软件\ds\数据结构\20_12_07\20_12_07\list.c(166): error C2065: “next”: 未声明的标识符
     1>d:\wangmei1103\软件\ds\数据结构\20_12_07\20_12_07\list.c(174): error C2143: 语法错误 : 缺少“;”(在“类型”的前面)
     1>d:\wangmei1103\软件\ds\数据结构\20_12_07\20_12_07\list.c(175): error C2065: “next”: 未声明的标识符
     1>d:\wangmei1103\软件\ds\数据结构\20_12_07\20_12_07\list.c(175): warning C4047: “!=”:“int”与“void *”的间接级别不同
     1>d:\wangmei1103\软件\ds\数据结构\20_12_07\20_12_07\list.c(177): error C2065: “next”: 未声明的标识符
     1>d:\wangmei1103\软件\ds\数据结构\20_12_07\20_12_07\list.c(177): error C2223: “->next”的左侧必须指向结构/联合
     1>d:\wangmei1103\软件\ds\数据结构\20_12_07\20_12_07\list.c(178): error C2065: “next”: 未声明的标识符
     1>d:\wangmei1103\软件\ds\数据结构\20_12_07\20_12_07\list.c(178): warning C4022: “free”: 指针与实参 1 不匹配
     1>d:\wangmei1103\软件\ds\数据结构\20_12_07\20_12_07\list.c(186): error C2143: 语法错误 : 缺少“;”(在“类型”的前面)
     1>d:\wangmei1103\软件\ds\数据结构\20_12_07\20_12_07\list.c(187): error C2275: “SListNode”: 将此类型用作表达式非法
                 d:\wangmei1103\软件\ds\数据结构\20_12_07\20_12_07\list.c(10) : 参见“SListNode”的声明
     1>d:\wangmei1103\软件\ds\数据结构\20_12_07\20_12_07\list.c(187): error C2065: “p”: 未声明的标识符
     1>d:\wangmei1103\软件\ds\数据结构\20_12_07\20_12_07\list.c(187): error C2065: “newNode”: 未声明的标识符
     1>d:\wangmei1103\软件\ds\数据结构\20_12_07\20_12_07\list.c(187): error C2223: “->next”的左侧必须指向结构/联合
     1>d:\wangmei1103\软件\ds\数据结构\20_12_07\20_12_07\list.c(188): error C2065: “newNode”: 未声明的标识符
     1>d:\wangmei1103\软件\ds\数据结构\20_12_07\20_12_07\list.c(188): error C2223: “->next”的左侧必须指向结构/联合
     1>d:\wangmei1103\软件\ds\数据结构\20_12_07\20_12_07\list.c(189): error C2065: “p”: 未声明的标识符
     1>d:\wangmei1103\软件\ds\数据结构\20_12_07\20_12_07\list.c(189): warning C4047: “!=”:“int”与“void *”的间接级别不同
     1>d:\wangmei1103\软件\ds\数据结构\20_12_07\20_12_07\list.c(191): error C2065: “newNode”: 未声明的标识符
     1>d:\wangmei1103\软件\ds\数据结构\20_12_07\20_12_07\list.c(191): error C2065: “p”: 未声明的标识符
     1>d:\wangmei1103\软件\ds\数据结构\20_12_07\20_12_07\list.c(192): error C2065: “p”: 未声明的标识符
     1>d:\wangmei1103\软件\ds\数据结构\20_12_07\20_12_07\list.c(192): error C2065: “p”: 未声明的标识符
     1>d:\wangmei1103\软件\ds\数据结构\20_12_07\20_12_07\list.c(192): error C2223: “->next”的左侧必须指向结构/联合
     1>d:\wangmei1103\软件\ds\数据结构\20_12_07\20_12_07\list.c(193): error C2065: “newNode”: 未声明的标识符
     1>d:\wangmei1103\软件\ds\数据结构\20_12_07\20_12_07\list.c(193): error C2223: “->next”的左侧必须指向结构/联合
     1>d:\wangmei1103\软件\ds\数据结构\20_12_07\20_12_07\list.c(194): error C2065: “newNode”: 未声明的标识符
     1>d:\wangmei1103\软件\ds\数据结构\20_12_07\20_12_07\list.c(194): warning C4047: “=”:“SListNode *”与“int”的间接级别不同
     1>cl : 命令行 warning D9028: 最小重新生成失败，正在转换为标准生成
     1>已完成生成项目“D:\wangmei1103\软件\DS\数据结构\20_12_07\20_12_07\20_12_07.vcxproj”(build 个目标)的操作 - 失败。

生成失败。

已用时间 00:00:00.91
