生成启动时间为 2021/1/11 23:28:55。
     1>项目“D:\wangmei1103\软件\DS\数据结构\20_12_20_shuangxianglianbiao\20_12_20\20_12_20.vcxproj”在节点 2 上(build 个目标)。
     1>InitializeBuildStatus:
         正在对“Debug\20_12_20.unsuccessfulbuild”执行 Touch 任务。
       ClCompile:
         D:\software\VS\VC\bin\CL.exe /c /ZI /nologo /W3 /WX- /Od /Oy- /D _MBCS /Gm /EHsc /RTC1 /MDd /GS /fp:precise /Zc:wchar_t /Zc:forScope /Fo"Debug\\" /Fd"Debug\vc100.pdb" /Gd /TC /analyze- /errorReport:prompt list.c
         list.c
     1>d:\wangmei1103\软件\ds\数据结构\20_12_20_shuangxianglianbiao\20_12_20\list.c(79): error C2143: 语法错误 : 缺少“;”(在“类型”的前面)
     1>d:\wangmei1103\软件\ds\数据结构\20_12_20_shuangxianglianbiao\20_12_20\list.c(80): error C2143: 语法错误 : 缺少“;”(在“类型”的前面)
     1>d:\wangmei1103\软件\ds\数据结构\20_12_20_shuangxianglianbiao\20_12_20\list.c(81): error C2065: “tail”: 未声明的标识符
     1>d:\wangmei1103\软件\ds\数据结构\20_12_20_shuangxianglianbiao\20_12_20\list.c(81): warning C4022: “free”: 指针与实参 1 不匹配
     1>d:\wangmei1103\软件\ds\数据结构\20_12_20_shuangxianglianbiao\20_12_20\list.c(82): error C2065: “prev”: 未声明的标识符
     1>d:\wangmei1103\软件\ds\数据结构\20_12_20_shuangxianglianbiao\20_12_20\list.c(82): error C2223: “->_next”的左侧必须指向结构/联合
     1>d:\wangmei1103\软件\ds\数据结构\20_12_20_shuangxianglianbiao\20_12_20\list.c(83): error C2065: “prev”: 未声明的标识符
     1>d:\wangmei1103\软件\ds\数据结构\20_12_20_shuangxianglianbiao\20_12_20\list.c(83): warning C4047: “=”:“ListNode *”与“int”的间接级别不同
     1>d:\wangmei1103\软件\ds\数据结构\20_12_20_shuangxianglianbiao\20_12_20\list.c(92): error C2143: 语法错误 : 缺少“;”(在“类型”的前面)
     1>d:\wangmei1103\软件\ds\数据结构\20_12_20_shuangxianglianbiao\20_12_20\list.c(93): error C2143: 语法错误 : 缺少“;”(在“类型”的前面)
     1>d:\wangmei1103\软件\ds\数据结构\20_12_20_shuangxianglianbiao\20_12_20\list.c(94): error C2065: “prev”: 未声明的标识符
     1>d:\wangmei1103\软件\ds\数据结构\20_12_20_shuangxianglianbiao\20_12_20\list.c(94): warning C4022: “free”: 指针与实参 1 不匹配
     1>d:\wangmei1103\软件\ds\数据结构\20_12_20_shuangxianglianbiao\20_12_20\list.c(95): error C2065: “next”: 未声明的标识符
     1>d:\wangmei1103\软件\ds\数据结构\20_12_20_shuangxianglianbiao\20_12_20\list.c(95): warning C4047: “=”:“ListNode *”与“int”的间接级别不同
     1>d:\wangmei1103\软件\ds\数据结构\20_12_20_shuangxianglianbiao\20_12_20\list.c(96): error C2065: “next”: 未声明的标识符
     1>d:\wangmei1103\软件\ds\数据结构\20_12_20_shuangxianglianbiao\20_12_20\list.c(96): error C2223: “->_prev”的左侧必须指向结构/联合
     1>已完成生成项目“D:\wangmei1103\软件\DS\数据结构\20_12_20_shuangxianglianbiao\20_12_20\20_12_20.vcxproj”(build 个目标)的操作 - 失败。

生成失败。

已用时间 00:00:00.34
