生成启动时间为 2020/12/31 21:23:17。
     1>项目“D:\wangmei1103\软件\DS\数据结构\20_12_20_2_stack\20_12_20_2\20_12_20_2.vcxproj”在节点 2 上(build 个目标)。
     1>InitializeBuildStatus:
         正在创建“Debug\20_12_20_2.unsuccessfulbuild”，因为已指定“AlwaysCreate”。
       ClCompile:
         D:\software\VS\VC\bin\CL.exe /c /ZI /nologo /W3 /WX- /Od /Oy- /D _MBCS /Gm /EHsc /RTC1 /MDd /GS /fp:precise /Zc:wchar_t /Zc:forScope /Fo"Debug\\" /Fd"Debug\vc100.pdb" /Gd /TC /analyze- /errorReport:prompt stack2.c
         stack2.c
       Link:
         D:\software\VS\VC\bin\link.exe /ERRORREPORT:PROMPT /OUT:"D:\wangmei1103\软件\DS\数据结构\20_12_20_2_stack\Debug\20_12_20_2.exe" /NOLOGO kernel32.lib user32.lib gdi32.lib winspool.lib comdlg32.lib advapi32.lib shell32.lib ole32.lib oleaut32.lib uuid.lib odbc32.lib odbccp32.lib /MANIFEST /ManifestFile:"Debug\20_12_20_2.exe.intermediate.manifest" /MANIFESTUAC:"level='asInvoker' uiAccess='false'" /DEBUG /PDB:"D:\wangmei1103\软件\DS\数据结构\20_12_20_2_stack\Debug\20_12_20_2.pdb" /TLBID:1 /DYNAMICBASE /NXCOMPAT /IMPLIB:"D:\wangmei1103\软件\DS\数据结构\20_12_20_2_stack\Debug\20_12_20_2.lib" /MACHINE:X86 Debug\stack.obj
         Debug\stack2.obj
         LINK : 没有找到 D:\wangmei1103\软件\DS\数据结构\20_12_20_2_stack\Debug\20_12_20_2.exe 或上一个增量链接没有生成它；正在执行完全链接
         20_12_20_2.vcxproj -> D:\wangmei1103\软件\DS\数据结构\20_12_20_2_stack\Debug\20_12_20_2.exe
       Manifest:
         C:\Program Files (x86)\Microsoft SDKs\Windows\v7.0A\bin\mt.exe /nologo /verbose /outputresource:"D:\wangmei1103\软件\DS\数据结构\20_12_20_2_stack\Debug\20_12_20_2.exe;#1" /manifest Debug\20_12_20_2.exe.intermediate.manifest
       FinalizeBuildStatus:
         正在删除文件“Debug\20_12_20_2.unsuccessfulbuild”。
         正在对“Debug\20_12_20_2.lastbuildstate”执行 Touch 任务。
     1>已完成生成项目“D:\wangmei1103\软件\DS\数据结构\20_12_20_2_stack\20_12_20_2\20_12_20_2.vcxproj”(build 个目标)的操作。

生成成功。

已用时间 00:00:00.90
